nr procesoarelor este 20
nr sarcinilor de lucru este 24
d[1]= 51
d[2]= 35
d[3]= 86
d[4]= 12
d[5]= 84
d[6]= 57
d[7]= 39
d[8]= 10
d[9]= 49
d[10]= 54
d[11]= 40
d[12]= 72
d[13]= 11
d[14]= 43
d[15]= 25
d[16]= 41
d[17]= 4
d[18]= 20
d[19]= 57
d[20]= 48
d[21]= 82
d[22]= 70
d[23]= 13
d[24]= 59
4 10 11 12 13 20 25 35 39 40 41 43 48 49 51 54 57 57 59 70 72 82 84 86 
x[1] = 14
x[2] = 23
x[3] = 33
x[4] = 60
x[5] = 79
x[6] = 84
x[7] = 97
x[8] = 105
x[9] = 114
x[10] = 129
x[11] = 154
x[12] = 170
S2= 604