nr procesoarelor este 20
nr sarcinilor de lucru este 26
d[1]= 53
d[2]= 88
d[3]= 25
d[4]= 14
d[5]= 65
d[6]= 80
d[7]= 44
d[8]= 53
d[9]= 22
d[10]= 44
d[11]= 90
d[12]= 88
d[13]= 28
d[14]= 72
d[15]= 24
d[16]= 32
d[17]= 15
d[18]= 9
d[19]= 36
d[20]= 59
d[21]= 55
d[22]= 27
d[23]= 56
d[24]= 2
d[25]= 8
d[26]= 69
2 8 9 14 15 22 24 25 27 28 32 36 44 44 53 53 55 56 59 65 69 72 80 88 88 90 
x[1] = 10
x[2] = 23
x[3] = 37
x[4] = 49
x[5] = 55
x[6] = 68
x[7] = 88
x[8] = 106
x[9] = 111
x[10] = 124
x[11] = 141
x[12] = 168
x[13] = 178
S2= 639