nr procesoarelor este 10
nr sarcinilor de lucru este 23
d[1]= 93
d[2]= 76
d[3]= 39
d[4]= 70
d[5]= 46
d[6]= 91
d[7]= 24
d[8]= 18
d[9]= 78
d[10]= 90
d[11]= 81
d[12]= 62
d[13]= 31
d[14]= 48
d[15]= 28
d[16]= 68
d[17]= 13
d[18]= 36
d[19]= 61
d[20]= 27
d[21]= 47
d[22]= 17
d[23]= 63
13 17 18 24 27 28 31 36 39 46 47 48 61 62 63 68 70 76 78 81 90 91 93 
x[1] = 47
x[2] = 66
x[3] = 83
x[4] = 103
x[5] = 131
x[6] = 143
x[7] = 185
x[8] = 199
x[9] = 222
x[10] = 240
x[11] = 272
x[12] = 93
S2= 760