nr procesoarelor este 13
nr sarcinilor de lucru este 28
d[1]= 71
d[2]= 80
d[3]= 5
d[4]= 58
d[5]= 33
d[6]= 68
d[7]= 33
d[8]= 17
d[9]= 43
d[10]= 98
d[11]= 13
d[12]= 82
d[13]= 36
d[14]= 43
d[15]= 14
d[16]= 72
d[17]= 60
d[18]= 69
d[19]= 65
d[20]= 22
d[21]= 47
d[22]= 83
d[23]= 80
d[24]= 16
d[25]= 76
d[26]= 75
d[27]= 92
d[28]= 24
5 13 14 16 17 22 24 33 33 36 43 43 47 58 60 65 68 69 71 72 75 76 80 80 82 83 92 98 
x[1] = 31
x[2] = 46
x[3] = 61
x[4] = 90
x[5] = 105
x[6] = 129
x[7] = 163
x[8] = 190
x[9] = 206
x[10] = 215
x[11] = 227
x[12] = 240
x[13] = 248
x[14] = 288
S2= 1121