nr procesoarelor este 17
nr sarcinilor de lucru este 28
d[1]= 73
d[2]= 27
d[3]= 49
d[4]= 32
d[5]= 64
d[6]= 100
d[7]= 13
d[8]= 10
d[9]= 70
d[10]= 14
d[11]= 29
d[12]= 13
d[13]= 66
d[14]= 32
d[15]= 28
d[16]= 3
d[17]= 90
d[18]= 42
d[19]= 67
d[20]= 71
d[21]= 24
d[22]= 58
d[23]= 87
d[24]= 73
d[25]= 58
d[26]= 82
d[27]= 74
d[28]= 64
3 10 13 13 14 24 27 28 29 32 32 42 49 58 58 64 64 66 67 70 71 73 73 74 82 87 90 100 
x[1] = 23
x[2] = 39
x[3] = 62
x[4] = 83
x[5] = 93
x[6] = 116
x[7] = 165
x[8] = 186
x[9] = 196
x[10] = 207
x[11] = 217
x[12] = 221
x[13] = 256
x[14] = 290
S2= 1242